<?xml version="1.0" encoding="UTF-8"?>
<testsuite name="com.nedap.university.TestChecksum" tests="3" skipped="0" failures="0" errors="0" timestamp="2024-04-15T09:55:24" hostname="NAC41597" time="0.011">
  <properties/>
  <testcase name="testPacketConstructorParser()" classname="com.nedap.university.TestChecksum" time="0.008"/>
  <testcase name="testChecksumCalculator()" classname="com.nedap.university.TestChecksum" time="0.002"/>
  <testcase name="testOnesComplement()" classname="com.nedap.university.TestChecksum" time="0.0"/>
  <system-out><![CDATA[]]></system-out>
  <system-err><![CDATA[]]></system-err>
</testsuite>
