<?xml version="1.0" encoding="UTF-8"?>
<testsuite name="com.nedap.university.TestUtilities" tests="1" skipped="0" failures="0" errors="0" timestamp="2024-04-17T07:41:20" hostname="NAC41597" time="0.014">
  <properties/>
  <testcase name="testSafeFile()" classname="com.nedap.university.TestUtilities" time="0.014"/>
  <system-out><![CDATA[24286 bytes loaded from file
User directory: /home/Thomas.Hordijk/Documents/Nedap/Project_Module_2/my_git/Module_2_Final_Project
/home/Thomas.Hordijk/Documents/Nedap/Project_Module_2/my_git/Module_2_Final_Project/example_files/tiny2.pdf
24286 bytes loaded from file
]]></system-out>
  <system-err><![CDATA[]]></system-err>
</testsuite>
