<?xml version="1.0" encoding="UTF-8"?>
<testsuite name="com.nedap.university.TestUtilities" tests="3" skipped="0" failures="0" errors="0" timestamp="2024-04-19T12:12:01" hostname="NAC41597" time="0.018">
  <properties/>
  <testcase name="testGetFiles()" classname="com.nedap.university.TestUtilities" time="0.01"/>
  <testcase name="testSafeOverWriteFile()" classname="com.nedap.university.TestUtilities" time="0.005"/>
  <testcase name="testSplitData()" classname="com.nedap.university.TestUtilities" time="0.001"/>
  <system-out><![CDATA[removed file
14592 bytes loaded from file
User directory: /home/Thomas.Hordijk/Documents/Nedap/Project_Module_2/my_git/Module_2_Final_Project
/home/Thomas.Hordijk/Documents/Nedap/Project_Module_2/my_git/Module_2_Final_Project/example_files/saved/tiny.pdf
14592 bytes loaded from file
14592 bytes loaded from file
]]></system-out>
  <system-err><![CDATA[]]></system-err>
</testsuite>
