<?xml version="1.0" encoding="UTF-8"?>
<testsuite name="com.nedap.university.TestUtilities" tests="3" skipped="0" failures="0" errors="0" timestamp="2024-04-17T12:38:14" hostname="NAC41597" time="0.008">
  <properties/>
  <testcase name="testGetFiles()" classname="com.nedap.university.TestUtilities" time="0.001"/>
  <testcase name="testSafeOverWriteFile()" classname="com.nedap.university.TestUtilities" time="0.005"/>
  <testcase name="testSplitData()" classname="com.nedap.university.TestUtilities" time="0.0"/>
  <system-out><![CDATA[Provided filePath= /home/Thomas.Hordijk/Documents/Nedap/Project_Module_2/my_git/Module_2_Final_Project/example_files/saved/tiny.pdf
removed file
24286 bytes loaded from file
User directory: /home/Thomas.Hordijk/Documents/Nedap/Project_Module_2/my_git/Module_2_Final_Project
/home/Thomas.Hordijk/Documents/Nedap/Project_Module_2/my_git/Module_2_Final_Project/example_files/saved/tiny.pdf
24286 bytes loaded from file
24286 bytes loaded from file
]]></system-out>
  <system-err><![CDATA[]]></system-err>
</testsuite>
