<?xml version="1.0" encoding="UTF-8"?>
<testsuite name="com.nedap.university.TestPacket" tests="1" skipped="0" failures="0" errors="0" timestamp="2024-04-23T06:05:24" hostname="NAC41597" time="0.016">
  <properties/>
  <testcase name="testPacketCreation()" classname="com.nedap.university.TestPacket" time="0.016"/>
  <system-out><![CDATA[copied data : 27
Parsed header, seqnum : 5
]]></system-out>
  <system-err><![CDATA[]]></system-err>
</testsuite>
