<?xml version="1.0" encoding="UTF-8"?>
<testsuite name="com.nedap.university.TestUtilities" tests="1" skipped="0" failures="0" errors="0" timestamp="2024-04-16T08:56:18" hostname="NAC41597" time="0.013">
  <properties/>
  <testcase name="testSplitData()" classname="com.nedap.university.TestUtilities" time="0.013"/>
  <system-out><![CDATA[24286 bytes loaded from file
1
1
65525

]]></system-out>
  <system-err><![CDATA[]]></system-err>
</testsuite>
