<?xml version="1.0" encoding="UTF-8"?>
<testsuite name="com.nedap.university.TestPacket" tests="1" skipped="0" failures="0" errors="0" timestamp="2024-04-22T09:43:17" hostname="NAC41597" time="0.014">
  <properties/>
  <testcase name="testPacketCreation()" classname="com.nedap.university.TestPacket" time="0.014"/>
  <system-out><![CDATA[copied data : 27
header set
]]></system-out>
  <system-err><![CDATA[]]></system-err>
</testsuite>
