<?xml version="1.0" encoding="UTF-8"?>
<testsuite name="com.nedap.university.TestPacket" tests="1" skipped="0" failures="0" errors="0" timestamp="2024-04-16T14:22:07" hostname="NAC41597" time="0.011">
  <properties/>
  <testcase name="testSetHeader()" classname="com.nedap.university.TestPacket" time="0.011"/>
  <system-out><![CDATA[]]></system-out>
  <system-err><![CDATA[]]></system-err>
</testsuite>
